<?xml version="1.0" encoding="utf-8"?><testsuites name="pytest tests"><testsuite name="pytest" errors="0" failures="0" skipped="0" tests="9" time="5.854" timestamp="2026-09-09T12:02:57.637569+00:00" hostname="agent-env-2004e838-8d8e-477c-8222-0543db940826"><testcase classname="tests.test_lid_pairing" name="test_1_lid_before_pairing_ignored" time="0.934" /><testcase classname="tests.test_lid_pairing" name="test_2_status_reflects_pairing_code" time="0.155" /><testcase classname="tests.test_lid_pairing" name="test_3_wrong_code_from_lid_ignored" time="0.152" /><testcase classname="tests.test_lid_pairing" name="test_4_right_code_pairs_lid" time="0.237" /><testcase classname="tests.test_lid_pairing" name="test_5_lid_msg_after_pairing_accepted_and_canonical" time="3.310" /><testcase classname="tests.test_lid_pairing" name="test_6_reused_code_and_other_phone_ignored" time="0.154" /><testcase classname="tests.test_lid_pairing" name="test_7_delete_owner_id_and_settings_hides_pairing" time="0.238" /><testcase classname="tests.test_lid_pairing" name="test_8_alt_phone_field_recognised" time="0.082" /><testcase classname="tests.test_lid_pairing" name="test_9_check_connection_mock_400" time="0.246" /></testsuite></testsuites>