<?xml version="1.0" encoding="utf-8"?><testsuites name="pytest tests"><testsuite name="pytest" errors="0" failures="0" skipped="0" tests="24" time="59.211" timestamp="2026-09-09T15:41:43.956279+00:00" hostname="agent-env-2004e838-8d8e-477c-8222-0543db940826"><testcase classname="tests.test_transfers_tags.TestTransfers" name="test_transfer_bank_to_cash" time="1.001" /><testcase classname="tests.test_transfers_tags.TestTransfers" name="test_transfer_cash_to_bank" time="0.405" /><testcase classname="tests.test_transfers_tags.TestTransfers" name="test_transfer_invalid_same_kind" time="0.077" /><testcase classname="tests.test_transfers_tags.TestTransfers" name="test_transfer_invalid_kind_xyz" time="0.080" /><testcase classname="tests.test_transfers_tags.TestTransfers" name="test_edit_transfer_amount_syncs_pair" time="0.397" /><testcase classname="tests.test_transfers_tags.TestTransfers" name="test_delete_transfer_restores_balances" time="0.265" /><testcase classname="tests.test_transfers_tags.TestTransfers" name="test_delete_second_transfer_for_cleanup" time="0.076" /><testcase classname="tests.test_transfers_tags.TestAccountEntryAsTransfer" name="test_cash_debit_mode_bank_books_contra" time="0.318" /><testcase classname="tests.test_transfers_tags.TestAccountEntryAsTransfer" name="test_cash_debit_mode_cash_no_contra" time="0.267" /><testcase classname="tests.test_transfers_tags.TestAccountEntryAsTransfer" name="test_cash_credit_mode_none_no_contra" time="0.085" /><testcase classname="tests.test_transfers_tags.TestAccountEntryAsTransfer" name="test_cleanup" time="0.249" /><testcase classname="tests.test_transfers_tags.TestBotTransfer" name="test_bot_bank_to_cash" time="6.881" /><testcase classname="tests.test_transfers_tags.TestBotTransfer" name="test_bot_cash_to_bank" time="3.874" /><testcase classname="tests.test_transfers_tags.TestBotTransfer" name="test_bot_delete_last_transfer" time="6.026" /><testcase classname="tests.test_transfers_tags.TestFallbackParser" name="test_fallback_bank_to_cash" time="1.929" /><testcase classname="tests.test_transfers_tags.TestFallbackParser" name="test_fallback_cash_to_bank" time="0.000" /><testcase classname="tests.test_transfers_tags.TestTags" name="test_create_txn_with_tags_normalizes_and_propagates" time="0.331" /><testcase classname="tests.test_transfers_tags.TestTags" name="test_patch_tags_updates_contra" time="0.180" /><testcase classname="tests.test_transfers_tags.TestTags" name="test_get_tags_used_and_suggested" time="0.077" /><testcase classname="tests.test_transfers_tags.TestTags" name="test_statement_rows_include_tags_field" time="0.080" /><testcase classname="tests.test_transfers_tags.TestSummaryCategories" name="test_summary_has_categories_with_bijli" time="0.094" /><testcase classname="tests.test_transfers_tags.TestSummaryCategories" name="test_bot_tags_petrol" time="4.619" /><testcase classname="tests.test_transfers_tags.TestBotConfirmMatch" name="test_naya_creates_new_ledger" time="11.030" /><testcase classname="tests.test_transfers_tags.TestBotConfirmMatch" name="test_haan_adds_to_matched" time="20.757" /></testsuite></testsuites>