<?xml version="1.0" encoding="utf-8"?><testsuites name="pytest tests"><testsuite name="pytest" errors="0" failures="2" skipped="0" tests="27" time="76.455" timestamp="2026-09-09T12:03:07.759284+00:00" hostname="agent-env-2004e838-8d8e-477c-8222-0543db940826"><testcase classname="tests.test_security_hardening" name="test_settings_masks_secrets" time="0.643" /><testcase classname="tests.test_security_hardening" name="test_settings_wa9x_key_write_only" time="0.749" /><testcase classname="tests.test_webhook_diagnostics" name="test_webhook_accepts_wa9x_payload_fast" time="0.953" /><testcase classname="tests.test_webhook_diagnostics" name="test_webhook_duplicate" time="0.159" /><testcase classname="tests.test_webhook_diagnostics" name="test_webhook_not_owner" time="0.085" /><testcase classname="tests.test_webhook_diagnostics" name="test_webhook_test_event_ignored" time="0.091" /><testcase classname="tests.test_webhook_diagnostics" name="test_webhook_missing_token" time="0.086" /><testcase classname="tests.test_webhook_diagnostics" name="test_webhook_wrong_token" time="0.077" /><testcase classname="tests.test_security_hardening" name="test_webhook_requires_token" time="0.855" /><testcase classname="tests.test_webhook_diagnostics" name="test_webhook_get_challenge" time="0.075" /><testcase classname="tests.test_webhook_diagnostics" name="test_webhook_log_shape" time="0.317"><failure message="AssertionError: unexpected outcome: paired&#10;assert 'paired' in {'accepted', 'bad_signature', 'clarify', 'duplicate', 'error', 'ignored', ...}">tests/test_webhook_diagnostics.py:134: in test_webhook_log_shape
    assert d["outcome"] in allowed, f"unexpected outcome: {d['outcome']}"
E   AssertionError: unexpected outcome: paired
E   assert 'paired' in {'accepted', 'bad_signature', 'clarify', 'duplicate', 'error', 'ignored', ...}</failure></testcase><testcase classname="tests.test_webhook_diagnostics" name="test_webhook_log_accepted_becomes_processed" time="4.950" /><testcase classname="tests.test_security_hardening" name="test_webhook_rotate" time="0.689" /><testcase classname="tests.test_security_hardening" name="test_export_file_random_token" time="1.279" /><testcase classname="tests.test_security_hardening" name="test_security_headers" time="0.077" /><testcase classname="tests.test_security_hardening" name="test_cors_no_credentials" time="0.073" /><testcase classname="tests.test_security_hardening" name="test_group_create_special_chars_escaped" time="0.464" /><testcase classname="tests.test_security_hardening" name="test_pin_validation_regex" time="0.379" /><testcase classname="tests.test_security_hardening" name="test_simulate_regression_after_security_fixes" time="3.178" /><testcase classname="tests.test_webhook_diagnostics" name="test_status_new_fields" time="0.159" /><testcase classname="tests.test_webhook_diagnostics" name="test_check_connection_mock_400" time="0.162" /><testcase classname="tests.test_webhook_diagnostics" name="test_check_connection_wa9x_real_call" time="1.579" /><testcase classname="tests.test_security_hardening" name="test_lockout_and_pin_change_and_revoke" time="67.718" /><testcase classname="tests.test_webhook_diagnostics" name="test_settings_no_send_path_fields" time="0.076" /><testcase classname="tests.test_webhook_diagnostics" name="test_settings_webhook_secret_write_only" time="0.836" /><testcase classname="tests.test_webhook_diagnostics" name="test_settings_base_url_normalisation" time="0.686" /><testcase classname="tests.test_webhook_diagnostics" name="test_webhook_hmac_signature" time="0.281"><failure message="assert 401 == 200&#10; +  where 401 = &lt;Response [401]&gt;.status_code">tests/test_webhook_diagnostics.py:237: in test_webhook_hmac_signature
    assert r.status_code == 200
E   assert 401 == 200
E    +  where 401 = &lt;Response [401]&gt;.status_code</failure></testcase></testsuite></testsuites>