<?xml version="1.0" encoding="utf-8"?><testsuites name="pytest tests"><testsuite name="pytest" errors="0" failures="1" skipped="0" tests="36" time="62.592" timestamp="2026-09-09T15:42:48.831825+00:00" hostname="agent-env-2004e838-8d8e-477c-8222-0543db940826"><testcase classname="tests.test_cashbook" name="test_dashboard_shape_and_groups" time="0.704" /><testcase classname="tests.test_cashbook" name="test_cash_contra_dashboard_delta" time="0.395" /><testcase classname="tests.test_cashbook" name="test_cash_contra_ledger_kind_and_statement" time="0.286" /><testcase classname="tests.test_cashbook" name="test_bank_contra" time="0.379" /><testcase classname="tests.test_cashbook" name="test_mode_none_no_contra" time="0.245" /><testcase classname="tests.test_cashbook" name="test_edit_sync_all_modes" time="0.675" /><testcase classname="tests.test_cashbook" name="test_delete_sync" time="0.465" /><testcase classname="tests.test_cashbook" name="test_account_direct_entry_no_contra" time="0.380" /><testcase classname="tests.test_cashbook" name="test_kind_toggle_and_auto_move" time="0.536" /><testcase classname="tests.test_cashbook" name="test_bot_cashbook_flow" time="25.752" /><testcase classname="tests.test_cashbook" name="test_monthly_summary_accounts" time="0.384" /><testcase classname="tests.backend_test" name="test_health" time="0.214" /><testcase classname="tests.backend_test" name="test_login_success" time="0.310" /><testcase classname="tests.backend_test" name="test_login_wrong_pin" time="0.293" /><testcase classname="tests.backend_test" name="test_protected_without_token" time="0.077" /><testcase classname="tests.backend_test" name="test_auth_me" time="0.373" /><testcase classname="tests.backend_test" name="test_default_groups_present" time="0.068" /><testcase classname="tests.backend_test" name="test_group_create_rename_delete" time="0.225" /><testcase classname="tests.backend_test" name="test_create_and_list_ledger" time="0.228" /><testcase classname="tests.backend_test" name="test_ledger_patch_rename" time="0.154" /><testcase classname="tests.backend_test" name="test_txn_crud_and_balance" time="0.703" /><testcase classname="tests.backend_test" name="test_statement_has_running_balance" time="0.346" /><testcase classname="tests.backend_test" name="test_ledger_merge" time="0.404" /><testcase classname="tests.backend_test" name="test_export_and_file_serve[pdf]" time="0.306" /><testcase classname="tests.backend_test" name="test_export_and_file_serve[excel]" time="0.317" /><testcase classname="tests.backend_test" name="test_export_and_file_serve[csv]" time="0.320" /><testcase classname="tests.backend_test" name="test_dashboard" time="0.079" /><testcase classname="tests.backend_test" name="test_monthly_summary" time="0.084" /><testcase classname="tests.backend_test" name="test_get_and_put_settings" time="0.154" /><testcase classname="tests.backend_test" name="test_change_pin_same_value" time="1.918" /><testcase classname="tests.backend_test" name="test_simulate_flow_ai" time="11.939"><failure message="assert ('15000' in &quot;'testparty_94f3ba' se milta-julta ledger already hai: TESTPARTY_d0d8b2 (Expenses). Usme add karu? (haan) ya naya ledger banau? (naya)&quot; or '15,000' in &quot;'testparty_94f3ba' se milta-julta ledger already hai: TESTPARTY_d0d8b2 (Expenses). Usme add karu? (haan) ya naya ledger banau? (naya)&quot;)&#10; +  where &quot;'testparty_94f3ba' se milta-julta ledger already hai: TESTPARTY_d0d8b2 (Expenses). Usme add karu? (haan) ya naya ledger banau? (naya)&quot; = &lt;built-in method replace of str object at 0xfa1ec436e430&gt;(',', '')&#10; +    where &lt;built-in method replace of str object at 0xfa1ec436e430&gt; = &quot;'testparty_94f3ba' se milta-julta ledger already hai: TESTPARTY_d0d8b2 (Expenses). Usme add karu? (haan) ya naya ledger banau? (naya)&quot;.replace&#10; +      where &quot;'testparty_94f3ba' se milta-julta ledger already hai: TESTPARTY_d0d8b2 (Expenses). Usme add karu? (haan) ya naya ledger banau? (naya)&quot; = &lt;built-in method get of dict object at 0xfa1ebffb2840&gt;('reply', '')&#10; +        where &lt;built-in method get of dict object at 0xfa1ebffb2840&gt; = {'reply': &quot;'testparty_94f3ba' se milta-julta ledger already hai: TESTPARTY_d0d8b2 (Expenses). Usme add karu? (haan) ya naya ledger banau? (naya)&quot;, 'files': [], 'status': 'clarify'}.get&#10; +          where {'reply': &quot;'testparty_94f3ba' se milta-julta ledger already hai: TESTPARTY_d0d8b2 (Expenses). Usme add karu? (haan) ya naya ledger banau? (naya)&quot;, 'files': [], 'status': 'clarify'} = json()&#10; +            where json = &lt;Response [200]&gt;.json&#10; +  and   &quot;'testparty_94f3ba' se milta-julta ledger already hai: TESTPARTY_d0d8b2 (Expenses). Usme add karu? (haan) ya naya ledger banau? (naya)&quot; = &lt;built-in method get of dict object at 0xfa1ebff92fc0&gt;('reply', '')&#10; +    where &lt;built-in method get of dict object at 0xfa1ebff92fc0&gt; = {'reply': &quot;'testparty_94f3ba' se milta-julta ledger already hai: TESTPARTY_d0d8b2 (Expenses). Usme add karu? (haan) ya naya ledger banau? (naya)&quot;, 'files': [], 'status': 'clarify'}.get&#10; +      where {'reply': &quot;'testparty_94f3ba' se milta-julta ledger already hai: TESTPARTY_d0d8b2 (Expenses). Usme add karu? (haan) ya naya ledger banau? (naya)&quot;, 'files': [], 'status': 'clarify'} = json()&#10; +        where json = &lt;Response [200]&gt;.json">E   assert ('15000' in "'testparty_94f3ba' se milta-julta ledger already hai: TESTPARTY_d0d8b2 (Expenses). Usme add karu? (haan) ya naya ledger banau? (naya)" or '15,000' in "'testparty_94f3ba' se milta-julta ledger already hai: TESTPARTY_d0d8b2 (Expenses). Usme add karu? (haan) ya naya ledger banau? (naya)")
     +  where "'testparty_94f3ba' se milta-julta ledger already hai: TESTPARTY_d0d8b2 (Expenses). Usme add karu? (haan) ya naya ledger banau? (naya)" = &lt;built-in method replace of str object at 0xfa1ec436e430&gt;(',', '')
     +    where &lt;built-in method replace of str object at 0xfa1ec436e430&gt; = "'testparty_94f3ba' se milta-julta ledger already hai: TESTPARTY_d0d8b2 (Expenses). Usme add karu? (haan) ya naya ledger banau? (naya)".replace
     +      where "'testparty_94f3ba' se milta-julta ledger already hai: TESTPARTY_d0d8b2 (Expenses). Usme add karu? (haan) ya naya ledger banau? (naya)" = &lt;built-in method get of dict object at 0xfa1ebffb2840&gt;('reply', '')
     +        where &lt;built-in method get of dict object at 0xfa1ebffb2840&gt; = {'reply': "'testparty_94f3ba' se milta-julta ledger already hai: TESTPARTY_d0d8b2 (Expenses). Usme add karu? (haan) ya naya ledger banau? (naya)", 'files': [], 'status': 'clarify'}.get
     +          where {'reply': "'testparty_94f3ba' se milta-julta ledger already hai: TESTPARTY_d0d8b2 (Expenses). Usme add karu? (haan) ya naya ledger banau? (naya)", 'files': [], 'status': 'clarify'} = json()
     +            where json = &lt;Response [200]&gt;.json
     +  and   "'testparty_94f3ba' se milta-julta ledger already hai: TESTPARTY_d0d8b2 (Expenses). Usme add karu? (haan) ya naya ledger banau? (naya)" = &lt;built-in method get of dict object at 0xfa1ebff92fc0&gt;('reply', '')
     +    where &lt;built-in method get of dict object at 0xfa1ebff92fc0&gt; = {'reply': "'testparty_94f3ba' se milta-julta ledger already hai: TESTPARTY_d0d8b2 (Expenses). Usme add karu? (haan) ya naya ledger banau? (naya)", 'files': [], 'status': 'clarify'}.get
     +      where {'reply': "'testparty_94f3ba' se milta-julta ledger already hai: TESTPARTY_d0d8b2 (Expenses). Usme add karu? (haan) ya naya ledger banau? (naya)", 'files': [], 'status': 'clarify'} = json()
     +        where json = &lt;Response [200]&gt;.json</failure></testcase><testcase classname="tests.backend_test" name="test_simulate_last_entry_delete" time="12.105" /><testcase classname="tests.backend_test" name="test_webhook_requires_token" time="0.150" /><testcase classname="tests.backend_test" name="test_webhook_process_and_dedupe" time="0.241" /><testcase classname="tests.backend_test" name="test_webhook_non_whitelisted_ignored" time="0.148" /><testcase classname="tests.backend_test" name="test_wa_messages_and_status" time="0.894" /></testsuite></testsuites>