<?xml version="1.0" encoding="utf-8"?><testsuites name="pytest tests"><testsuite name="pytest" errors="0" failures="0" skipped="0" tests="8" time="5.475" timestamp="2026-09-09T16:08:47.785538+00:00" hostname="agent-env-2004e838-8d8e-477c-8222-0543db940826"><testcase classname="tests.test_exports_v2.TestCsv" name="test_party_csv_has_bom_and_total" time="0.890" /><testcase classname="tests.test_exports_v2.TestExcel" name="test_party_excel" time="1.032" /><testcase classname="tests.test_exports_v2.TestCsv" name="test_cash_csv_headers" time="0.299" /><testcase classname="tests.test_exports_v2.TestExcel" name="test_cash_excel_headers" time="0.294" /><testcase classname="tests.test_exports_v2.TestPdfCash" name="test_cash_pdf_headers_and_multipage_footer" time="0.610" /><testcase classname="tests.test_exports_v2.TestPdfParty" name="test_party_pdf_has_rupee_and_freesans" time="0.286" /><testcase classname="tests.test_exports_v2.TestBotExport" name="test_bot_pdf_export" time="3.267" /><testcase classname="tests.test_exports_v2.TestPdfLongNoteWrap" name="test_long_note_wraps_without_error" time="0.569" /></testsuite></testsuites>