<?xml version="1.0" encoding="utf-8"?><testsuites name="pytest tests"><testsuite name="pytest" errors="0" failures="0" skipped="0" tests="16" time="8.392" timestamp="2026-09-09T11:32:09.025160+00:00" hostname="agent-env-2004e838-8d8e-477c-8222-0543db940826"><testcase classname="tests.test_webhook_diagnostics" name="test_webhook_accepts_wa9x_payload_fast" time="0.636" /><testcase classname="tests.test_webhook_diagnostics" name="test_webhook_duplicate" time="0.236" /><testcase classname="tests.test_webhook_diagnostics" name="test_webhook_not_owner" time="0.065" /><testcase classname="tests.test_webhook_diagnostics" name="test_webhook_test_event_ignored" time="0.062" /><testcase classname="tests.test_webhook_diagnostics" name="test_webhook_missing_token" time="0.062" /><testcase classname="tests.test_webhook_diagnostics" name="test_webhook_wrong_token" time="0.059" /><testcase classname="tests.test_webhook_diagnostics" name="test_webhook_get_challenge" time="0.063" /><testcase classname="tests.test_webhook_diagnostics" name="test_webhook_log_shape" time="0.125" /><testcase classname="tests.test_webhook_diagnostics" name="test_webhook_log_accepted_becomes_processed" time="4.743" /><testcase classname="tests.test_webhook_diagnostics" name="test_status_new_fields" time="0.119" /><testcase classname="tests.test_webhook_diagnostics" name="test_check_connection_mock_400" time="0.120" /><testcase classname="tests.test_webhook_diagnostics" name="test_check_connection_wa9x_real_call" time="1.064" /><testcase classname="tests.test_webhook_diagnostics" name="test_settings_no_send_path_fields" time="0.067" /><testcase classname="tests.test_webhook_diagnostics" name="test_settings_webhook_secret_write_only" time="0.184" /><testcase classname="tests.test_webhook_diagnostics" name="test_settings_base_url_normalisation" time="0.178" /><testcase classname="tests.test_webhook_diagnostics" name="test_webhook_hmac_signature" time="0.244" /></testsuite></testsuites>