<?xml version="1.0" encoding="utf-8"?><testsuites name="pytest tests"><testsuite name="pytest" errors="0" failures="0" skipped="0" tests="24" time="39.403" timestamp="2026-09-08T19:08:21.014230+00:00" hostname="agent-env-2004e838-8d8e-477c-8222-0543db940826"><testcase classname="tests.backend_test" name="test_health" time="0.384" /><testcase classname="tests.backend_test" name="test_login_success" time="0.313" /><testcase classname="tests.backend_test" name="test_login_wrong_pin" time="0.305" /><testcase classname="tests.backend_test" name="test_protected_without_token" time="0.081" /><testcase classname="tests.backend_test" name="test_auth_me" time="0.383" /><testcase classname="tests.backend_test" name="test_default_groups_present" time="0.084" /><testcase classname="tests.backend_test" name="test_group_create_rename_delete" time="0.260" /><testcase classname="tests.backend_test" name="test_create_and_list_ledger" time="0.244" /><testcase classname="tests.backend_test" name="test_ledger_patch_rename" time="0.181" /><testcase classname="tests.backend_test" name="test_txn_crud_and_balance" time="0.862" /><testcase classname="tests.backend_test" name="test_statement_has_running_balance" time="0.425" /><testcase classname="tests.backend_test" name="test_ledger_merge" time="0.495" /><testcase classname="tests.backend_test" name="test_export_and_file_serve[pdf]" time="0.403" /><testcase classname="tests.backend_test" name="test_export_and_file_serve[excel]" time="0.353" /><testcase classname="tests.backend_test" name="test_export_and_file_serve[csv]" time="0.371" /><testcase classname="tests.backend_test" name="test_dashboard" time="0.091" /><testcase classname="tests.backend_test" name="test_monthly_summary" time="0.094" /><testcase classname="tests.backend_test" name="test_get_and_put_settings" time="0.218" /><testcase classname="tests.backend_test" name="test_change_pin_same_value" time="0.552" /><testcase classname="tests.backend_test" name="test_simulate_flow_ai" time="20.149" /><testcase classname="tests.backend_test" name="test_simulate_last_entry_delete" time="7.743" /><testcase classname="tests.backend_test" name="test_webhook_process_and_dedupe" time="3.822" /><testcase classname="tests.backend_test" name="test_webhook_non_whitelisted_ignored" time="0.083" /><testcase classname="tests.backend_test" name="test_wa_messages_and_status" time="1.132" /></testsuite></testsuites>