<?xml version="1.0" encoding="utf-8"?><testsuites name="pytest tests"><testsuite name="pytest" errors="0" failures="1" skipped="0" tests="34" time="43.326" timestamp="2026-09-09T13:15:26.209242+00:00" hostname="agent-env-2004e838-8d8e-477c-8222-0543db940826"><testcase classname="tests.backend_test" name="test_health" time="0.195" /><testcase classname="tests.backend_test" name="test_login_success" time="0.341" /><testcase classname="tests.backend_test" name="test_login_wrong_pin" time="0.303" /><testcase classname="tests.backend_test" name="test_protected_without_token" time="0.090" /><testcase classname="tests.backend_test" name="test_auth_me" time="0.389" /><testcase classname="tests.backend_test" name="test_default_groups_present" time="0.096" /><testcase classname="tests.backend_test" name="test_group_create_rename_delete" time="0.245" /><testcase classname="tests.backend_test" name="test_create_and_list_ledger" time="0.241" /><testcase classname="tests.backend_test" name="test_ledger_patch_rename" time="0.192" /><testcase classname="tests.backend_test" name="test_txn_crud_and_balance" time="0.792" /><testcase classname="tests.backend_test" name="test_statement_has_running_balance" time="0.347" /><testcase classname="tests.backend_test" name="test_ledger_merge" time="0.409" /><testcase classname="tests.backend_test" name="test_export_and_file_serve[pdf]" time="0.324" /><testcase classname="tests.backend_test" name="test_export_and_file_serve[excel]" time="0.349" /><testcase classname="tests.backend_test" name="test_export_and_file_serve[csv]" time="0.356" /><testcase classname="tests.backend_test" name="test_dashboard" time="0.099" /><testcase classname="tests.backend_test" name="test_monthly_summary" time="0.085" /><testcase classname="tests.backend_test" name="test_get_and_put_settings" time="0.189" /><testcase classname="tests.backend_test" name="test_change_pin_same_value" time="1.956" /><testcase classname="tests.backend_test" name="test_simulate_flow_ai" time="14.539"><failure message="assert ('15000' in &quot;'testparty_9fe2dd' se milta-julta ledger already hai: TESTPARTY_219788 (Expenses). Usme add karu? (haan) ya naya ledger banau? (naya)&quot; or '15,000' in &quot;'testparty_9fe2dd' se milta-julta ledger already hai: TESTPARTY_219788 (Expenses). Usme add karu? (haan) ya naya ledger banau? (naya)&quot;)&#10; +  where &quot;'testparty_9fe2dd' se milta-julta ledger already hai: TESTPARTY_219788 (Expenses). Usme add karu? (haan) ya naya ledger banau? (naya)&quot; = &lt;built-in method replace of str object at 0xffabae061a70&gt;(',', '')&#10; +    where &lt;built-in method replace of str object at 0xffabae061a70&gt; = &quot;'testparty_9fe2dd' se milta-julta ledger already hai: TESTPARTY_219788 (Expenses). Usme add karu? (haan) ya naya ledger banau? (naya)&quot;.replace&#10; +      where &quot;'testparty_9fe2dd' se milta-julta ledger already hai: TESTPARTY_219788 (Expenses). Usme add karu? (haan) ya naya ledger banau? (naya)&quot; = &lt;built-in method get of dict object at 0xffabadd23c40&gt;('reply', '')&#10; +        where &lt;built-in method get of dict object at 0xffabadd23c40&gt; = {'reply': &quot;'testparty_9fe2dd' se milta-julta ledger already hai: TESTPARTY_219788 (Expenses). Usme add karu? (haan) ya naya ledger banau? (naya)&quot;, 'files': [], 'status': 'clarify'}.get&#10; +          where {'reply': &quot;'testparty_9fe2dd' se milta-julta ledger already hai: TESTPARTY_219788 (Expenses). Usme add karu? (haan) ya naya ledger banau? (naya)&quot;, 'files': [], 'status': 'clarify'} = json()&#10; +            where json = &lt;Response [200]&gt;.json&#10; +  and   &quot;'testparty_9fe2dd' se milta-julta ledger already hai: TESTPARTY_219788 (Expenses). Usme add karu? (haan) ya naya ledger banau? (naya)&quot; = &lt;built-in method get of dict object at 0xffabadd3a540&gt;('reply', '')&#10; +    where &lt;built-in method get of dict object at 0xffabadd3a540&gt; = {'reply': &quot;'testparty_9fe2dd' se milta-julta ledger already hai: TESTPARTY_219788 (Expenses). Usme add karu? (haan) ya naya ledger banau? (naya)&quot;, 'files': [], 'status': 'clarify'}.get&#10; +      where {'reply': &quot;'testparty_9fe2dd' se milta-julta ledger already hai: TESTPARTY_219788 (Expenses). Usme add karu? (haan) ya naya ledger banau? (naya)&quot;, 'files': [], 'status': 'clarify'} = json()&#10; +        where json = &lt;Response [200]&gt;.json">E   assert ('15000' in "'testparty_9fe2dd' se milta-julta ledger already hai: TESTPARTY_219788 (Expenses). Usme add karu? (haan) ya naya ledger banau? (naya)" or '15,000' in "'testparty_9fe2dd' se milta-julta ledger already hai: TESTPARTY_219788 (Expenses). Usme add karu? (haan) ya naya ledger banau? (naya)")
     +  where "'testparty_9fe2dd' se milta-julta ledger already hai: TESTPARTY_219788 (Expenses). Usme add karu? (haan) ya naya ledger banau? (naya)" = &lt;built-in method replace of str object at 0xffabae061a70&gt;(',', '')
     +    where &lt;built-in method replace of str object at 0xffabae061a70&gt; = "'testparty_9fe2dd' se milta-julta ledger already hai: TESTPARTY_219788 (Expenses). Usme add karu? (haan) ya naya ledger banau? (naya)".replace
     +      where "'testparty_9fe2dd' se milta-julta ledger already hai: TESTPARTY_219788 (Expenses). Usme add karu? (haan) ya naya ledger banau? (naya)" = &lt;built-in method get of dict object at 0xffabadd23c40&gt;('reply', '')
     +        where &lt;built-in method get of dict object at 0xffabadd23c40&gt; = {'reply': "'testparty_9fe2dd' se milta-julta ledger already hai: TESTPARTY_219788 (Expenses). Usme add karu? (haan) ya naya ledger banau? (naya)", 'files': [], 'status': 'clarify'}.get
     +          where {'reply': "'testparty_9fe2dd' se milta-julta ledger already hai: TESTPARTY_219788 (Expenses). Usme add karu? (haan) ya naya ledger banau? (naya)", 'files': [], 'status': 'clarify'} = json()
     +            where json = &lt;Response [200]&gt;.json
     +  and   "'testparty_9fe2dd' se milta-julta ledger already hai: TESTPARTY_219788 (Expenses). Usme add karu? (haan) ya naya ledger banau? (naya)" = &lt;built-in method get of dict object at 0xffabadd3a540&gt;('reply', '')
     +    where &lt;built-in method get of dict object at 0xffabadd3a540&gt; = {'reply': "'testparty_9fe2dd' se milta-julta ledger already hai: TESTPARTY_219788 (Expenses). Usme add karu? (haan) ya naya ledger banau? (naya)", 'files': [], 'status': 'clarify'}.get
     +      where {'reply': "'testparty_9fe2dd' se milta-julta ledger already hai: TESTPARTY_219788 (Expenses). Usme add karu? (haan) ya naya ledger banau? (naya)", 'files': [], 'status': 'clarify'} = json()
     +        where json = &lt;Response [200]&gt;.json</failure></testcase><testcase classname="tests.backend_test" name="test_simulate_last_entry_delete" time="12.908" /><testcase classname="tests.backend_test" name="test_webhook_requires_token" time="0.167" /><testcase classname="tests.backend_test" name="test_webhook_process_and_dedupe" time="0.235" /><testcase classname="tests.backend_test" name="test_webhook_non_whitelisted_ignored" time="0.154" /><testcase classname="tests.backend_test" name="test_wa_messages_and_status" time="0.169" /><testcase classname="tests.test_lid_pairing" name="test_1_lid_before_pairing_ignored" time="0.870" /><testcase classname="tests.test_lid_pairing" name="test_2_status_reflects_pairing_code" time="0.172" /><testcase classname="tests.test_lid_pairing" name="test_3_wrong_code_from_lid_ignored" time="0.170" /><testcase classname="tests.test_lid_pairing" name="test_4_right_code_pairs_lid" time="0.253" /><testcase classname="tests.test_lid_pairing" name="test_5_lid_msg_after_pairing_accepted_and_canonical" time="4.919" /><testcase classname="tests.test_lid_pairing" name="test_6_reused_code_and_other_phone_ignored" time="0.164" /><testcase classname="tests.test_lid_pairing" name="test_7_delete_owner_id_and_settings_hides_pairing" time="0.258" /><testcase classname="tests.test_lid_pairing" name="test_8_alt_phone_field_recognised" time="0.085" /><testcase classname="tests.test_lid_pairing" name="test_9_check_connection_mock_400" time="1.195" /></testsuite></testsuites>