<?xml version="1.0" encoding="utf-8"?><testsuites name="pytest tests"><testsuite name="pytest" errors="0" failures="0" skipped="0" tests="25" time="50.613" timestamp="2026-09-09T16:08:57.633235+00:00" hostname="agent-env-2004e838-8d8e-477c-8222-0543db940826"><testcase classname="tests.backend_test" name="test_health" time="0.191" /><testcase classname="tests.backend_test" name="test_login_success" time="0.299" /><testcase classname="tests.backend_test" name="test_login_wrong_pin" time="0.306" /><testcase classname="tests.backend_test" name="test_protected_without_token" time="0.071" /><testcase classname="tests.backend_test" name="test_auth_me" time="0.377" /><testcase classname="tests.backend_test" name="test_default_groups_present" time="0.083" /><testcase classname="tests.backend_test" name="test_group_create_rename_delete" time="0.281" /><testcase classname="tests.backend_test" name="test_create_and_list_ledger" time="0.246" /><testcase classname="tests.backend_test" name="test_ledger_patch_rename" time="0.155" /><testcase classname="tests.backend_test" name="test_txn_crud_and_balance" time="0.763" /><testcase classname="tests.backend_test" name="test_statement_has_running_balance" time="0.314" /><testcase classname="tests.backend_test" name="test_ledger_merge" time="0.391" /><testcase classname="tests.backend_test" name="test_export_and_file_serve[pdf]" time="0.327" /><testcase classname="tests.backend_test" name="test_export_and_file_serve[excel]" time="0.368" /><testcase classname="tests.backend_test" name="test_export_and_file_serve[csv]" time="0.319" /><testcase classname="tests.backend_test" name="test_dashboard" time="0.075" /><testcase classname="tests.backend_test" name="test_monthly_summary" time="0.080" /><testcase classname="tests.backend_test" name="test_get_and_put_settings" time="0.146" /><testcase classname="tests.backend_test" name="test_change_pin_same_value" time="1.920" /><testcase classname="tests.backend_test" name="test_simulate_flow_ai" time="31.125" /><testcase classname="tests.backend_test" name="test_simulate_last_entry_delete" time="10.949" /><testcase classname="tests.backend_test" name="test_webhook_requires_token" time="0.150" /><testcase classname="tests.backend_test" name="test_webhook_process_and_dedupe" time="0.228" /><testcase classname="tests.backend_test" name="test_webhook_non_whitelisted_ignored" time="0.157" /><testcase classname="tests.backend_test" name="test_wa_messages_and_status" time="0.957" /></testsuite></testsuites>