<?xml version="1.0" encoding="utf-8"?><testsuites name="pytest tests"><testsuite name="pytest" errors="0" failures="0" skipped="0" tests="9" time="2.003" timestamp="2026-09-09T04:31:18.076397+00:00" hostname="agent-env-2004e838-8d8e-477c-8222-0543db940826"><testcase classname="tests.test_system_and_server.TestSystemAuthRequired" name="test_version_401_without_token" time="0.260" /><testcase classname="tests.test_system_and_server.TestSystemAuthRequired" name="test_update_401_without_token" time="0.230" /><testcase classname="tests.test_system_and_server.TestSystemUnsupportedMode" name="test_version_returns_supported_false" time="0.609" /><testcase classname="tests.test_system_and_server.TestSystemAuthRequired" name="test_auto_update_401_without_token" time="0.136" /><testcase classname="tests.test_system_and_server.TestSystemUnsupportedMode" name="test_update_returns_400" time="0.115" /><testcase classname="tests.test_system_and_server.TestRegressionSmoke" name="test_login_pin_3366" time="0.417" /><testcase classname="tests.test_system_and_server.TestSystemUnsupportedMode" name="test_auto_update_enabled_true_returns_400" time="0.281" /><testcase classname="tests.test_system_and_server.TestRegressionSmoke" name="test_groups_list" time="0.473" /><testcase classname="tests.test_system_and_server.TestRegressionSmoke" name="test_dashboard" time="0.144" /></testsuite></testsuites>