<?xml version="1.0" encoding="utf-8"?><testsuites name="pytest tests"><testsuite name="pytest" errors="0" failures="1" skipped="0" tests="36" time="86.221" timestamp="2026-09-09T12:05:14.303506+00:00" hostname="agent-env-2004e838-8d8e-477c-8222-0543db940826"><testcase classname="tests.test_security_hardening" name="test_settings_masks_secrets" time="0.732" /><testcase classname="tests.test_webhook_diagnostics" name="test_webhook_accepts_wa9x_payload_fast" time="0.720" /><testcase classname="tests.test_webhook_diagnostics" name="test_webhook_duplicate" time="0.453" /><testcase classname="tests.test_security_hardening" name="test_settings_wa9x_key_write_only" time="1.917" /><testcase classname="tests.test_webhook_diagnostics" name="test_webhook_not_owner" time="0.090" /><testcase classname="tests.test_webhook_diagnostics" name="test_webhook_test_event_ignored" time="0.088" /><testcase classname="tests.test_webhook_diagnostics" name="test_webhook_missing_token" time="0.087" /><testcase classname="tests.test_webhook_diagnostics" name="test_webhook_wrong_token" time="0.099" /><testcase classname="tests.test_webhook_diagnostics" name="test_webhook_get_challenge" time="0.089" /><testcase classname="tests.test_webhook_diagnostics" name="test_webhook_log_shape" time="0.181" /><testcase classname="tests.test_webhook_diagnostics" name="test_webhook_log_accepted_becomes_processed" time="3.288" /><testcase classname="tests.test_security_hardening" name="test_webhook_requires_token" time="1.122" /><testcase classname="tests.test_security_hardening" name="test_webhook_rotate" time="0.756" /><testcase classname="tests.test_security_hardening" name="test_export_file_random_token" time="1.237" /><testcase classname="tests.test_webhook_diagnostics" name="test_status_new_fields" time="0.173" /><testcase classname="tests.test_webhook_diagnostics" name="test_check_connection_mock_400" time="0.173" /><testcase classname="tests.test_webhook_diagnostics" name="test_check_connection_wa9x_real_call" time="0.935" /><testcase classname="tests.test_security_hardening" name="test_security_headers" time="0.084" /><testcase classname="tests.test_security_hardening" name="test_cors_no_credentials" time="0.087" /><testcase classname="tests.test_security_hardening" name="test_group_create_special_chars_escaped" time="0.484" /><testcase classname="tests.test_webhook_diagnostics" name="test_settings_no_send_path_fields" time="0.082" /><testcase classname="tests.test_security_hardening" name="test_pin_validation_regex" time="0.390" /><testcase classname="tests.test_webhook_diagnostics" name="test_settings_webhook_secret_write_only" time="0.422" /><testcase classname="tests.test_security_hardening" name="test_simulate_regression_after_security_fixes" time="3.516" /><testcase classname="tests.test_webhook_diagnostics" name="test_settings_base_url_normalisation" time="0.404" /><testcase classname="tests.test_webhook_diagnostics" name="test_webhook_hmac_signature" time="0.247"><failure message="assert 401 == 200&#10; +  where 401 = &lt;Response [401]&gt;.status_code">tests/test_webhook_diagnostics.py:237: in test_webhook_hmac_signature
    assert r.status_code == 200
E   assert 401 == 200
E    +  where 401 = &lt;Response [401]&gt;.status_code</failure></testcase><testcase classname="tests.test_security_hardening" name="test_lockout_and_pin_change_and_revoke" time="67.925" /><testcase classname="tests.test_lid_pairing" name="test_1_lid_before_pairing_ignored" time="1.006" /><testcase classname="tests.test_lid_pairing" name="test_2_status_reflects_pairing_code" time="0.211" /><testcase classname="tests.test_lid_pairing" name="test_3_wrong_code_from_lid_ignored" time="0.224" /><testcase classname="tests.test_lid_pairing" name="test_4_right_code_pairs_lid" time="0.310" /><testcase classname="tests.test_lid_pairing" name="test_5_lid_msg_after_pairing_accepted_and_canonical" time="5.001" /><testcase classname="tests.test_lid_pairing" name="test_6_reused_code_and_other_phone_ignored" time="0.181" /><testcase classname="tests.test_lid_pairing" name="test_7_delete_owner_id_and_settings_hides_pairing" time="0.303" /><testcase classname="tests.test_lid_pairing" name="test_8_alt_phone_field_recognised" time="0.086" /><testcase classname="tests.test_lid_pairing" name="test_9_check_connection_mock_400" time="0.301" /></testsuite></testsuites>