<?xml version="1.0" encoding="utf-8"?><testsuites name="pytest tests"><testsuite name="pytest" errors="0" failures="0" skipped="0" tests="12" time="1.194" timestamp="2026-09-09T10:45:52.383743+00:00" hostname="agent-env-2004e838-8d8e-477c-8222-0543db940826"><testcase classname="tests.test_caddyfile_generator.TestInstallScriptAndCompose" name="test_install_sh_syntax" time="0.004" /><testcase classname="tests.test_caddyfile_generator.TestGenCaddyfile" name="test_case1_empty_domain_plain_http" time="0.072" /><testcase classname="tests.test_caddyfile_generator.TestInstallScriptAndCompose" name="test_install_sh_invokes_gen_caddyfile" time="0.000" /><testcase classname="tests.test_caddyfile_generator.TestInstallScriptAndCompose" name="test_compose_mounts_certs_readonly" time="0.000" /><testcase classname="tests.test_caddyfile_generator.TestInstallScriptAndCompose" name="test_readme_has_cloudflare_options" time="0.000" /><testcase classname="tests.test_cloudflare_login_regression.TestLoginCloudflareHeader" name="test_login_with_cf_connecting_ip_internal" time="0.233" /><testcase classname="tests.test_caddyfile_generator.TestGenCaddyfile" name="test_case2_domain_auto_letsencrypt" time="0.070" /><testcase classname="tests.test_caddyfile_generator.TestGenCaddyfile" name="test_case3_domain_tls_internal" time="0.070" /><testcase classname="tests.test_caddyfile_generator.TestGenCaddyfile" name="test_case4_origin_cert_autodetect" time="0.318" /><testcase classname="tests.test_cloudflare_login_regression.TestLoginCloudflareHeader" name="test_login_without_cf_header_internal" time="0.226" /><testcase classname="tests.test_cloudflare_login_regression.TestLoginCloudflareHeader" name="test_login_public_url_without_cf_header" time="0.384" /><testcase classname="tests.test_cloudflare_login_regression.TestHealth" name="test_health_ok" time="0.324" /></testsuite></testsuites>