<?xml version="1.0" encoding="utf-8"?><testsuites name="pytest tests"><testsuite name="pytest" errors="0" failures="1" skipped="0" tests="11" time="11.237" timestamp="2026-09-09T13:14:27.053218+00:00" hostname="agent-env-2004e838-8d8e-477c-8222-0543db940826"><testcase classname="tests.test_cashbook" name="test_dashboard_shape_and_groups" time="0.872" /><testcase classname="tests.test_cashbook" name="test_cash_contra_dashboard_delta" time="0.455" /><testcase classname="tests.test_cashbook" name="test_cash_contra_ledger_kind_and_statement" time="0.292" /><testcase classname="tests.test_cashbook" name="test_bank_contra" time="0.425" /><testcase classname="tests.test_cashbook" name="test_mode_none_no_contra" time="0.258" /><testcase classname="tests.test_cashbook" name="test_edit_sync_all_modes" time="0.697" /><testcase classname="tests.test_cashbook" name="test_delete_sync" time="0.506" /><testcase classname="tests.test_cashbook" name="test_account_direct_entry_no_contra" time="0.408" /><testcase classname="tests.test_cashbook" name="test_kind_toggle_and_auto_move" time="0.598" /><testcase classname="tests.test_cashbook" name="test_bot_cashbook_flow" time="5.862"><failure message="AssertionError: reply: 'CBTEST_22e957' se milta-julta ledger already hai: CBTEST_ee56be (General). Usme add karu? (haan) ya naya ledger banau? (naya)&#10;assert ('lena hai' in &quot;'cbtest_22e957' se milta-julta ledger already hai: cbtest_ee56be (general). usme add karu? (haan) ya naya ledger banau? (naya)&quot; or 'lena' in &quot;'cbtest_22e957' se milta-julta ledger already hai: cbtest_ee56be (general). usme add karu? (haan) ya naya ledger banau? (naya)&quot;)&#10; +  where &quot;'cbtest_22e957' se milta-julta ledger already hai: cbtest_ee56be (general). usme add karu? (haan) ya naya ledger banau? (naya)&quot; = &lt;built-in method lower of str object at 0xf978124d2a20&gt;()&#10; +    where &lt;built-in method lower of str object at 0xf978124d2a20&gt; = &quot;'CBTEST_22e957' se milta-julta ledger already hai: CBTEST_ee56be (General). Usme add karu? (haan) ya naya ledger banau? (naya)&quot;.lower&#10; +  and   &quot;'cbtest_22e957' se milta-julta ledger already hai: cbtest_ee56be (general). usme add karu? (haan) ya naya ledger banau? (naya)&quot; = &lt;built-in method lower of str object at 0xf978124d2a20&gt;()&#10; +    where &lt;built-in method lower of str object at 0xf978124d2a20&gt; = &quot;'CBTEST_22e957' se milta-julta ledger already hai: CBTEST_ee56be (General). Usme add karu? (haan) ya naya ledger banau? (naya)&quot;.lower">backend/tests/test_cashbook.py:360: in test_bot_cashbook_flow
    assert "lena hai" in reply1.lower() or "lena" in reply1.lower(), f"reply: {reply1}"
E   AssertionError: reply: 'CBTEST_22e957' se milta-julta ledger already hai: CBTEST_ee56be (General). Usme add karu? (haan) ya naya ledger banau? (naya)
E   assert ('lena hai' in "'cbtest_22e957' se milta-julta ledger already hai: cbtest_ee56be (general). usme add karu? (haan) ya naya ledger banau? (naya)" or 'lena' in "'cbtest_22e957' se milta-julta ledger already hai: cbtest_ee56be (general). usme add karu? (haan) ya naya ledger banau? (naya)")
E    +  where "'cbtest_22e957' se milta-julta ledger already hai: cbtest_ee56be (general). usme add karu? (haan) ya naya ledger banau? (naya)" = &lt;built-in method lower of str object at 0xf978124d2a20&gt;()
E    +    where &lt;built-in method lower of str object at 0xf978124d2a20&gt; = "'CBTEST_22e957' se milta-julta ledger already hai: CBTEST_ee56be (General). Usme add karu? (haan) ya naya ledger banau? (naya)".lower
E    +  and   "'cbtest_22e957' se milta-julta ledger already hai: cbtest_ee56be (general). usme add karu? (haan) ya naya ledger banau? (naya)" = &lt;built-in method lower of str object at 0xf978124d2a20&gt;()
E    +    where &lt;built-in method lower of str object at 0xf978124d2a20&gt; = "'CBTEST_22e957' se milta-julta ledger already hai: CBTEST_ee56be (General). Usme add karu? (haan) ya naya ledger banau? (naya)".lower</failure></testcase><testcase classname="tests.test_cashbook" name="test_monthly_summary_accounts" time="0.468" /></testsuite></testsuites>