<?xml version="1.0" encoding="utf-8"?><testsuites name="pytest tests"><testsuite name="pytest" errors="0" failures="0" skipped="0" tests="10" time="16.947" timestamp="2026-09-09T05:32:04.292515+00:00" hostname="agent-env-2004e838-8d8e-477c-8222-0543db940826"><testcase classname="tests.test_security_hardening" name="test_settings_masks_secrets" time="0.576" /><testcase classname="tests.test_security_hardening" name="test_settings_wa9x_key_write_only" time="0.635" /><testcase classname="tests.test_security_hardening" name="test_webhook_requires_token" time="6.696" /><testcase classname="tests.test_security_hardening" name="test_webhook_rotate" time="3.695" /><testcase classname="tests.test_security_hardening" name="test_export_file_random_token" time="1.040" /><testcase classname="tests.test_security_hardening" name="test_security_headers" time="0.057" /><testcase classname="tests.test_security_hardening" name="test_cors_no_credentials" time="0.059" /><testcase classname="tests.test_security_hardening" name="test_group_create_special_chars_escaped" time="0.405" /><testcase classname="tests.test_security_hardening" name="test_pin_validation_regex" time="0.336" /><testcase classname="tests.test_security_hardening" name="test_simulate_regression_after_security_fixes" time="3.136" /></testsuite></testsuites>