<?xml version="1.0" encoding="utf-8"?><testsuites name="pytest tests"><testsuite name="pytest" errors="0" failures="0" skipped="0" tests="11" time="74.826" timestamp="2026-09-09T05:01:43.037173+00:00" hostname="agent-env-2004e838-8d8e-477c-8222-0543db940826"><testcase classname="tests.test_settings_alerts" name="test_a_pin_lockout_alert_recorded" time="66.770" /><testcase classname="tests.test_settings_alerts" name="test_b_settings_masks_secrets" time="0.234" /><testcase classname="tests.test_settings_alerts" name="test_c_put_llm_key_and_hint" time="0.112" /><testcase classname="tests.test_settings_alerts" name="test_d_put_empty_keeps_existing" time="0.140" /><testcase classname="tests.test_settings_alerts" name="test_e_put_dash_clears_email_key" time="0.222" /><testcase classname="tests.test_settings_alerts" name="test_f_llm_key_still_set" time="0.110" /><testcase classname="tests.test_settings_alerts" name="test_g_bad_email_400" time="0.106" /><testcase classname="tests.test_settings_alerts" name="test_h_valid_email_and_test_send" time="0.714" /><testcase classname="tests.test_settings_alerts" name="test_i_undeliverable_email_502" time="0.626" /><testcase classname="tests.test_settings_alerts" name="test_j_ai_simulate_uses_settings_key" time="5.135" /><testcase classname="tests.test_settings_alerts" name="test_z_final_state" time="0.344" /></testsuite></testsuites>