<?xml version="1.0" encoding="utf-8"?><testsuites name="pytest tests"><testsuite name="pytest" errors="0" failures="1" skipped="0" tests="36" time="76.031" timestamp="2026-09-09T11:34:51.492060+00:00" hostname="agent-env-2004e838-8d8e-477c-8222-0543db940826"><testcase classname="tests.test_security_hardening" name="test_settings_masks_secrets" time="0.696" /><testcase classname="tests.backend_test" name="test_health" time="0.244" /><testcase classname="tests.backend_test" name="test_login_success" time="0.450" /><testcase classname="tests.backend_test" name="test_login_wrong_pin" time="0.505" /><testcase classname="tests.test_security_hardening" name="test_settings_wa9x_key_write_only" time="1.095" /><testcase classname="tests.backend_test" name="test_protected_without_token" time="0.057" /><testcase classname="tests.backend_test" name="test_auth_me" time="0.341" /><testcase classname="tests.backend_test" name="test_default_groups_present" time="0.066" /><testcase classname="tests.backend_test" name="test_group_create_rename_delete" time="0.236" /><testcase classname="tests.test_security_hardening" name="test_webhook_requires_token" time="0.817" /><testcase classname="tests.backend_test" name="test_create_and_list_ledger" time="0.349" /><testcase classname="tests.backend_test" name="test_ledger_patch_rename" time="0.237" /><testcase classname="tests.backend_test" name="test_txn_crud_and_balance" time="1.006" /><testcase classname="tests.test_security_hardening" name="test_webhook_rotate" time="0.601" /><testcase classname="tests.test_security_hardening" name="test_export_file_random_token" time="1.031" /><testcase classname="tests.backend_test" name="test_statement_has_running_balance" time="0.244" /><testcase classname="tests.backend_test" name="test_ledger_merge" time="0.309" /><testcase classname="tests.backend_test" name="test_export_and_file_serve[pdf]" time="0.289" /><testcase classname="tests.test_security_hardening" name="test_security_headers" time="0.064" /><testcase classname="tests.test_security_hardening" name="test_cors_no_credentials" time="0.060" /><testcase classname="tests.backend_test" name="test_export_and_file_serve[excel]" time="0.439" /><testcase classname="tests.test_security_hardening" name="test_group_create_special_chars_escaped" time="0.410" /><testcase classname="tests.test_security_hardening" name="test_pin_validation_regex" time="0.344" /><testcase classname="tests.backend_test" name="test_export_and_file_serve[csv]" time="0.687" /><testcase classname="tests.test_security_hardening" name="test_simulate_regression_after_security_fixes" time="3.260" /><testcase classname="tests.backend_test" name="test_dashboard" time="0.062" /><testcase classname="tests.backend_test" name="test_monthly_summary" time="0.064" /><testcase classname="tests.backend_test" name="test_get_and_put_settings" time="0.154" /><testcase classname="tests.backend_test" name="test_change_pin_same_value" time="1.891" /><testcase classname="tests.backend_test" name="test_simulate_flow_ai" time="10.933"><failure message="assert ('15000' in &quot;'testparty_a526da' se milta-julta ledger already hai: TESTPARTY_0f7711 (Expenses). Usme add karu? (haan) ya naya ledger banau? (naya)&quot; or '15,000' in &quot;'testparty_a526da' se milta-julta ledger already hai: TESTPARTY_0f7711 (Expenses). Usme add karu? (haan) ya naya ledger banau? (naya)&quot;)&#10; +  where &quot;'testparty_a526da' se milta-julta ledger already hai: TESTPARTY_0f7711 (Expenses). Usme add karu? (haan) ya naya ledger banau? (naya)&quot; = &lt;built-in method replace of str object at 0xfeca76afe670&gt;(',', '')&#10; +    where &lt;built-in method replace of str object at 0xfeca76afe670&gt; = &quot;'testparty_a526da' se milta-julta ledger already hai: TESTPARTY_0f7711 (Expenses). Usme add karu? (haan) ya naya ledger banau? (naya)&quot;.replace&#10; +      where &quot;'testparty_a526da' se milta-julta ledger already hai: TESTPARTY_0f7711 (Expenses). Usme add karu? (haan) ya naya ledger banau? (naya)&quot; = &lt;built-in method get of dict object at 0xfeca76adb780&gt;('reply', '')&#10; +        where &lt;built-in method get of dict object at 0xfeca76adb780&gt; = {'reply': &quot;'testparty_a526da' se milta-julta ledger already hai: TESTPARTY_0f7711 (Expenses). Usme add karu? (haan) ya naya ledger banau? (naya)&quot;, 'files': [], 'status': 'clarify'}.get&#10; +          where {'reply': &quot;'testparty_a526da' se milta-julta ledger already hai: TESTPARTY_0f7711 (Expenses). Usme add karu? (haan) ya naya ledger banau? (naya)&quot;, 'files': [], 'status': 'clarify'} = json()&#10; +            where json = &lt;Response [200]&gt;.json&#10; +  and   &quot;'testparty_a526da' se milta-julta ledger already hai: TESTPARTY_0f7711 (Expenses). Usme add karu? (haan) ya naya ledger banau? (naya)&quot; = &lt;built-in method get of dict object at 0xfeca76c58ac0&gt;('reply', '')&#10; +    where &lt;built-in method get of dict object at 0xfeca76c58ac0&gt; = {'reply': &quot;'testparty_a526da' se milta-julta ledger already hai: TESTPARTY_0f7711 (Expenses). Usme add karu? (haan) ya naya ledger banau? (naya)&quot;, 'files': [], 'status': 'clarify'}.get&#10; +      where {'reply': &quot;'testparty_a526da' se milta-julta ledger already hai: TESTPARTY_0f7711 (Expenses). Usme add karu? (haan) ya naya ledger banau? (naya)&quot;, 'files': [], 'status': 'clarify'} = json()&#10; +        where json = &lt;Response [200]&gt;.json">backend/tests/backend_test.py:263: in test_simulate_flow_ai
    assert "15000" in r2.json().get("reply", "").replace(",", "") or "15,000" in r2.json().get("reply", "")
E   assert ('15000' in "'testparty_a526da' se milta-julta ledger already hai: TESTPARTY_0f7711 (Expenses). Usme add karu? (haan) ya naya ledger banau? (naya)" or '15,000' in "'testparty_a526da' se milta-julta ledger already hai: TESTPARTY_0f7711 (Expenses). Usme add karu? (haan) ya naya ledger banau? (naya)")
E    +  where "'testparty_a526da' se milta-julta ledger already hai: TESTPARTY_0f7711 (Expenses). Usme add karu? (haan) ya naya ledger banau? (naya)" = &lt;built-in method replace of str object at 0xfeca76afe670&gt;(',', '')
E    +    where &lt;built-in method replace of str object at 0xfeca76afe670&gt; = "'testparty_a526da' se milta-julta ledger already hai: TESTPARTY_0f7711 (Expenses). Usme add karu? (haan) ya naya ledger banau? (naya)".replace
E    +      where "'testparty_a526da' se milta-julta ledger already hai: TESTPARTY_0f7711 (Expenses). Usme add karu? (haan) ya naya ledger banau? (naya)" = &lt;built-in method get of dict object at 0xfeca76adb780&gt;('reply', '')
E    +        where &lt;built-in method get of dict object at 0xfeca76adb780&gt; = {'reply': "'testparty_a526da' se milta-julta ledger already hai: TESTPARTY_0f7711 (Expenses). Usme add karu? (haan) ya naya ledger banau? (naya)", 'files': [], 'status': 'clarify'}.get
E    +          where {'reply': "'testparty_a526da' se milta-julta ledger already hai: TESTPARTY_0f7711 (Expenses). Usme add karu? (haan) ya naya ledger banau? (naya)", 'files': [], 'status': 'clarify'} = json()
E    +            where json = &lt;Response [200]&gt;.json
E    +  and   "'testparty_a526da' se milta-julta ledger already hai: TESTPARTY_0f7711 (Expenses). Usme add karu? (haan) ya naya ledger banau? (naya)" = &lt;built-in method get of dict object at 0xfeca76c58ac0&gt;('reply', '')
E    +    where &lt;built-in method get of dict object at 0xfeca76c58ac0&gt; = {'reply': "'testparty_a526da' se milta-julta ledger already hai: TESTPARTY_0f7711 (Expenses). Usme add karu? (haan) ya naya ledger banau? (naya)", 'files': [], 'status': 'clarify'}.get
E    +      where {'reply': "'testparty_a526da' se milta-julta ledger already hai: TESTPARTY_0f7711 (Expenses). Usme add karu? (haan) ya naya ledger banau? (naya)", 'files': [], 'status': 'clarify'} = json()
E    +        where json = &lt;Response [200]&gt;.json</failure></testcase><testcase classname="tests.test_security_hardening" name="test_lockout_and_pin_change_and_revoke" time="67.260" /><testcase classname="tests.backend_test" name="test_simulate_last_entry_delete" time="10.156" /><testcase classname="tests.backend_test" name="test_webhook_requires_token" time="0.128" /><testcase classname="tests.backend_test" name="test_webhook_process_and_dedupe" time="0.183" /><testcase classname="tests.backend_test" name="test_webhook_non_whitelisted_ignored" time="0.122" /><testcase classname="tests.backend_test" name="test_wa_messages_and_status" time="0.726" /></testsuite></testsuites>